2024-11-08 10:10:26 [INFO]: Запуск функции "test"

2024-11-08 10:10:26 [INFO]: Запуск функции "instruments"

2024-11-08 10:10:27 [INFO]: Банк ВТБ (VTBR) это BBG004730ZJ9 или 8e2b0325-0292-4654-8a18-4f63ed3b0e09.
2024-11-08 10:10:27 [INFO]: Мечел (MTLR) это BBG004S68598 или eb4ba863-e85f-4f80-8c29-f2627938ee58.
2024-11-08 10:10:27 [INFO]: ОВК (UWGN) это BBG008HD3V85 или a8dc188b-cae8-40c0-99e8-f561f4339751.
2024-11-08 10:10:27 [INFO]: РуссНефть (RNFT) это BBG00F9XX7H4 или c7485564-ed92-45fd-a724-1214aa202904.
2024-11-08 10:10:27 [INFO]: ЕвроТранс (EUTR) это TCS00A1002V2 или 02b2ea14-3c4b-47e8-9548-45a8dbcc8f8a.
2024-11-08 10:10:27 [INFO]: Сургутнефтегаз - привилегированные акции (SNGSP) это BBG004S681M2 или a797f14a-8513-4b84-b15e-a3b98dc4cc00.
2024-11-08 10:10:28 [INFO]: Газпром (GAZP) это BBG004730RP0 или 962e2a95-02a9-4171-abd7-aa198dbe643a.
2024-11-08 10:10:28 [INFO]: Роснефть (ROSN) это BBG004731354 или fd417230-19cf-4e7b-9623-f7c9ca18ec6b.
2024-11-08 10:10:28 [INFO]: Сбер Банк (SBER) это BBG004730N88 или e6123145-9665-43e0-8413-cd61b8aa9b13.
2024-11-08 10:10:28 [INFO]: Сегежа (SGZH) это BBG0100R9963 или 7bedd86b-478d-4742-a28c-29d27f8dbc7d.
2024-11-08 10:10:28 [INFO]: Аэрофлот (AFLT) это BBG004S683W7 или 1c69e020-f3b1-455c-affa-45f8b8049234.
2024-11-08 10:10:28 [INFO]: ВК (VKCO) это TCS00A106YF0 или b71bd174-c72c-41b0-a66f-5f9073e0d1f5.
2024-11-08 10:10:29 [INFO]: РУСАЛ (RUAL) это BBG008F2T3T2 или f866872b-8f68-4b6e-930f-749fe9aa79c0.
2024-11-08 10:10:29 [INFO]: Татнефть (TATN) это BBG004RVFFC0 или 88468f6c-c67a-4fb4-a006-53eed803883c.
2024-11-08 10:11:27 [INFO]: Запуск функции "test"

2024-11-08 10:11:27 [INFO]: Запуск функции "instruments"

2024-11-08 10:11:27 [INFO]: Банк ВТБ (VTBR) это BBG004730ZJ9 или 8e2b0325-0292-4654-8a18-4f63ed3b0e09.
2024-11-08 10:11:27 [INFO]: Мечел (MTLR) это BBG004S68598 или eb4ba863-e85f-4f80-8c29-f2627938ee58.
2024-11-08 10:11:27 [INFO]: ОВК (UWGN) это BBG008HD3V85 или a8dc188b-cae8-40c0-99e8-f561f4339751.
2024-11-08 10:11:28 [INFO]: РуссНефть (RNFT) это BBG00F9XX7H4 или c7485564-ed92-45fd-a724-1214aa202904.
2024-11-08 10:11:28 [INFO]: ЕвроТранс (EUTR) это TCS00A1002V2 или 02b2ea14-3c4b-47e8-9548-45a8dbcc8f8a.
2024-11-08 10:11:28 [INFO]: Сургутнефтегаз - привилегированные акции (SNGSP) это BBG004S681M2 или a797f14a-8513-4b84-b15e-a3b98dc4cc00.
2024-11-08 10:11:28 [INFO]: Газпром (GAZP) это BBG004730RP0 или 962e2a95-02a9-4171-abd7-aa198dbe643a.
2024-11-08 10:11:28 [INFO]: Роснефть (ROSN) это BBG004731354 или fd417230-19cf-4e7b-9623-f7c9ca18ec6b.
2024-11-08 10:11:28 [INFO]: Сбер Банк (SBER) это BBG004730N88 или e6123145-9665-43e0-8413-cd61b8aa9b13.
2024-11-08 10:11:29 [INFO]: Сегежа (SGZH) это BBG0100R9963 или 7bedd86b-478d-4742-a28c-29d27f8dbc7d.
2024-11-08 10:11:29 [INFO]: Аэрофлот (AFLT) это BBG004S683W7 или 1c69e020-f3b1-455c-affa-45f8b8049234.
2024-11-08 10:11:29 [INFO]: ВК (VKCO) это TCS00A106YF0 или b71bd174-c72c-41b0-a66f-5f9073e0d1f5.
2024-11-08 10:11:29 [INFO]: РУСАЛ (RUAL) это BBG008F2T3T2 или f866872b-8f68-4b6e-930f-749fe9aa79c0.
2024-11-08 10:11:29 [INFO]: Татнефть (TATN) это BBG004RVFFC0 или 88468f6c-c67a-4fb4-a006-53eed803883c.
